Arguments: 
  C:\Program Files\nodejs\node.exe C:\Users\ckelk\AppData\Roaming\npm\node_modules\yarn\bin\yarn.js add mardown-it

PATH: 
  C:\Program Files\Oculus\Support\oculus-runtime;C:\Python39\Scripts\;C:\Python39\;C:\Program Files (x86)\Razer Chroma SDK\bin;C:\Program Files\Razer Chroma SDK\bin;C:\WINDOWS\system32;C:\WINDOWS;C:\WINDOWS\System32\Wbem;C:\WINDOWS\System32\WindowsPowerShell\v1.0\;C:\WINDOWS\System32\OpenSSH\;C:\Program Files\Microsoft SQL Server\130\Tools\Binn\;C:\Program Files\Microsoft SQL Server\Client SDK\ODBC\170\Tools\Binn\;C:\Users\ckelk\AppData\Local\Microsoft\WindowsApps;C:\Users\ckelk\AppData\Local\Programs\Microsoft VS Code\bin;C:\Users\ckelk\AppData\Local\GitHubDesktop\bin;C:\Users\ckelk\AppData\Roaming\npm;C:\Users\ckelk\.dotnet\tools;C:\Program Files (x86)\NVIDIA Corporation\PhysX\Common;C:\Program Files\NVIDIA Corporation\NVIDIA NvDLISR;C:\Program Files\Git\cmd;C:\Program Files\apache-maven-3.6.3\bin;C:\Program Files (x86)\Java\jre1.8.0_281\bin;C:\ProgramData\chocolatey\bin;C:\Program Files\Microsoft SQL Server\150\Tools\Binn\;C:\WINDOWS\system32;C:\WINDOWS;C:\WINDOWS\System32\Wbem;C:\WINDOWS\System32\WindowsPowerShell\v1.0\;C:\WINDOWS\System32\OpenSSH\;C:\Program Files\dotnet\;C:\Program Files\Docker\Docker\resources\bin;C:\ProgramData\DockerDesktop\version-bin;C:\Program Files\nodejs\;C:\Users\ckelk\AppData\Local\Pandoc\;C:\Users\ckelk\AppData\Local\Packages\PythonSoftwareFoundation.Python.3.8_qbz5n2kfra8p0\LocalCache\local-packages\Python38\Scripts;C:\Users\ckelk\AppData\Local\gitkraken\bin

Yarn version: 
  1.22.18

Node version: 
  16.14.0

Platform: 
  win32 x64

Trace: 
  Error: https://registry.yarnpkg.com/mardown-it: Not found
      at Request.params.callback [as _callback] (C:\Users\ckelk\AppData\Roaming\npm\node_modules\yarn\lib\cli.js:66138:18)
      at Request.self.callback (C:\Users\ckelk\AppData\Roaming\npm\node_modules\yarn\lib\cli.js:140883:22)
      at Request.emit (node:events:520:28)
      at Request.<anonymous> (C:\Users\ckelk\AppData\Roaming\npm\node_modules\yarn\lib\cli.js:141855:10)
      at Request.emit (node:events:520:28)
      at IncomingMessage.<anonymous> (C:\Users\ckelk\AppData\Roaming\npm\node_modules\yarn\lib\cli.js:141777:12)
      at Object.onceWrapper (node:events:639:28)
      at IncomingMessage.emit (node:events:532:35)
      at endReadableNT (node:internal/streams/readable:1346:12)
      at processTicksAndRejections (node:internal/process/task_queues:83:21)

npm manifest: 
  {
    "name": "swarm",
    "version": "0.0.0",
    "description": "The swarm blog engine",
    "main": "index.js",
    "author": "Carlos Kelkboom",
    "license": "MIT",
    "type": "module",
    "scripts": {
      "build": "node ./tools/site-generator.js"
    },
    "private": false
  }

yarn manifest: 
  No manifest

Lockfile: 
  No lockfile
